[01m[K/home/yuki/ros2_ws/src/NHK2025/shoot/src/shoot.cpp:52:72:[m[K [01;31m[Kerror: [m[Kredeclaration of â€˜[01m[Krclcpp::Publisher<rogidrive_msg::msg::RogidriveMessage_<std::allocator<void> > >::SharedPtr Shoot::publisher_[m[Kâ€™
   52 |     rclcpp::Publisher<rogidrive_msg::msg::RogidriveMessage>::SharedPtr [01;31m[Kpublisher_[m[K;
      |                                                                        [01;31m[K^~~~~~~~~~[m[K
[01m[K/home/yuki/ros2_ws/src/NHK2025/shoot/src/shoot.cpp:51:68:[m[K [01;36m[Knote: [m[Kprevious declaration â€˜[01m[Krclcpp::Publisher<std_msgs::msg::Float64MultiArray_<std::allocator<void> > >::SharedPtr Shoot::publisher_[m[Kâ€™
   51 |     rclcpp::Publisher<std_msgs::msg::Float64MultiArray>::SharedPtr [01;36m[Kpublisher_[m[K;
      |                                                                    [01;36m[K^~~~~~~~~~[m[K
[01m[K/home/yuki/ros2_ws/src/NHK2025/shoot/src/shoot.cpp:[m[K In constructor â€˜[01m[KShoot::Shoot()[m[Kâ€™:
[01m[K/home/yuki/ros2_ws/src/NHK2025/shoot/src/shoot.cpp:62:5:[m[K [01;31m[Kerror: [m[Kâ€˜[01m[Kpublisher_micon[m[Kâ€™ was not declared in this scope; did you mean â€˜[01m[Kpublisher_[m[Kâ€™?
   62 |     [01;31m[Kpublisher_micon[m[K = this->create_publisher<std_msgs::msg::Float64MultiArray>("shootVelocity", 10);
      |     [01;31m[K^~~~~~~~~~~~~~~[m[K
      |     [32m[Kpublisher_[m[K
[01m[K/home/yuki/ros2_ws/src/NHK2025/shoot/src/shoot.cpp:63:5:[m[K [01;31m[Kerror: [m[Kâ€˜[01m[Kpublisher_odrive[m[Kâ€™ was not declared in this scope; did you mean â€˜[01m[Kpublisher_[m[Kâ€™?
   63 |     [01;31m[Kpublisher_odrive[m[K = this->create_publisher<rogidrive_msg::msg::RogidriveMessage>("odrive_cmd", 10);
      |     [01;31m[K^~~~~~~~~~~~~~~~[m[K
      |     [32m[Kpublisher_[m[K
[01m[K/home/yuki/ros2_ws/src/NHK2025/shoot/src/shoot.cpp:[m[K In member function â€˜[01m[Kfloat Shoot::getYaw(float, float, float)[m[Kâ€™:
[01m[K/home/yuki/ros2_ws/src/NHK2025/shoot/src/shoot.cpp:68:59:[m[K [01;31m[Kerror: [m[Kâ€˜[01m[Ktheta_r_[m[Kâ€™ was not declared in this scope; did you mean â€˜[01m[Ktheta_s_[m[Kâ€™?
   68 |     float theta_yaw = atan((y_g - y_s_) / (x_g - x_s_)) - [01;31m[Ktheta_r_[m[K;
      |                                                           [01;31m[K^~~~~~~~[m[K
      |                                                           [32m[Ktheta_s_[m[K
[01m[K/home/yuki/ros2_ws/src/NHK2025/shoot/src/shoot.cpp:67:51:[m[K [01;35m[Kwarning: [m[Kunused parameter â€˜[01m[Ktheta_s_[m[Kâ€™ [[01;35m[K]8;;https://gcc.gnu.org/onlinedocs/gcc/Warning-Options.html#index-Wunused-parameter-Wunused-parameter]8;;[m[K]
   67 | float Shoot::getYaw(float x_s_, float y_s_, [01;35m[Kfloat theta_s_[m[K){
      |                                             [01;35m[K~~~~~~^~~~~~~~[m[K
[01m[K/home/yuki/ros2_ws/src/NHK2025/shoot/src/shoot.cpp:[m[K In member function â€˜[01m[Kvoid Shoot::topic_callback(const Pose&)[m[Kâ€™:
[01m[K/home/yuki/ros2_ws/src/NHK2025/shoot/src/shoot.cpp:170:5:[m[K [01;31m[Kerror: [m[Kâ€˜[01m[Kpublisher_micon[m[Kâ€™ was not declared in this scope; did you mean â€˜[01m[Kpublisher_[m[Kâ€™?
  170 |     [01;31m[Kpublisher_micon[m[K->publish(message_micon);
      |     [01;31m[K^~~~~~~~~~~~~~~[m[K
      |     [32m[Kpublisher_[m[K
[01m[K/home/yuki/ros2_ws/src/NHK2025/shoot/src/shoot.cpp:177:5:[m[K [01;31m[Kerror: [m[Kâ€˜[01m[Kpublisher_odrive[m[Kâ€™ was not declared in this scope; did you mean â€˜[01m[Kpublisher_[m[Kâ€™?
  177 |     [01;31m[Kpublisher_odrive[m[K->publish(message_odrive);
      |     [01;31m[K^~~~~~~~~~~~~~~~[m[K
      |     [32m[Kpublisher_[m[K
gmake[2]: *** [CMakeFiles/shooter.dir/build.make:76: CMakeFiles/shooter.dir/src/shoot.cpp.o] Error 1
gmake[1]: *** [CMakeFiles/Makefile2:137: CMakeFiles/shooter.dir/all] Error 2
gmake: *** [Makefile:146: all] Error 2
