-- The C compiler identification is GNU 11.4.0
-- The CXX compiler identification is GNU 11.4.0
-- Detecting C compiler ABI info
-- Detecting C compiler ABI info - done
-- Check for working C compiler: /usr/bin/cc - skipped
-- Detecting C compile features
-- Detecting C compile features - done
-- Detecting CXX compiler ABI info
-- Detecting CXX compiler ABI info - done
-- Check for working CXX compiler: /usr/bin/c++ - skipped
-- Detecting CXX compile features
-- Detecting CXX compile features - done
-- Found ament_cmake: 1.3.10 (/opt/ros/humble/share/ament_cmake/cmake)
-- Found Python3: /usr/bin/python3 (found version "3.10.12") found components: Interpreter 
-- Found rclcpp: 16.0.10 (/opt/ros/humble/share/rclcpp/cmake)
-- Found rosidl_generator_c: 3.1.5 (/opt/ros/humble/share/rosidl_generator_c/cmake)
-- Found rosidl_adapter: 3.1.5 (/opt/ros/humble/share/rosidl_adapter/cmake)
-- Found rosidl_generator_cpp: 3.1.5 (/opt/ros/humble/share/rosidl_generator_cpp/cmake)
-- Using all available rosidl_typesupport_c: rosidl_typesupport_fastrtps_c;rosidl_typesupport_introspection_c
-- Using all available rosidl_typesupport_cpp: rosidl_typesupport_fastrtps_cpp;rosidl_typesupport_introspection_cpp
-- Found rmw_implementation_cmake: 6.1.2 (/opt/ros/humble/share/rmw_implementation_cmake/cmake)
-- Found rmw_fastrtps_cpp: 6.2.7 (/opt/ros/humble/share/rmw_fastrtps_cpp/cmake)
-- Found OpenSSL: /usr/lib/x86_64-linux-gnu/libcrypto.so (found version "3.0.2")  
-- Found FastRTPS: /opt/ros/humble/include  
-- Using RMW implementation 'rmw_fastrtps_cpp' as default
-- Performing Test CMAKE_HAVE_LIBC_PTHREAD
-- Performing Test CMAKE_HAVE_LIBC_PTHREAD - Success
-- Found Threads: TRUE  
-- Found geometry_msgs: 4.2.4 (/opt/ros/humble/share/geometry_msgs/cmake)
-- Found tf2: 0.25.8 (/opt/ros/humble/share/tf2/cmake)
-- Found rogidrive_msg: 0.0.0 (/home/yuki/ros2_ws/src/NHK2025/install/rogidrive_msg/share/rogidrive_msg/cmake)
-- Configuring done (3.6s)
-- Generating done (0.0s)
-- Build files have been written to: /home/yuki/ros2_ws/src/NHK2025/build/shoot
[ 50%] [32mBuilding CXX object CMakeFiles/shooter.dir/src/shoot.cpp.o[0m
[01m[K/home/yuki/ros2_ws/src/NHK2025/shoot/src/shoot.cpp:52:72:[m[K [01;31m[Kerror: [m[Kredeclaration of â€˜[01m[Krclcpp::Publisher<rogidrive_msg::msg::RogidriveMessage_<std::allocator<void> > >::SharedPtr Shoot::publisher_[m[Kâ€™
   52 |     rclcpp::Publisher<rogidrive_msg::msg::RogidriveMessage>::SharedPtr [01;31m[Kpublisher_[m[K;
      |                                                                        [01;31m[K^~~~~~~~~~[m[K
[01m[K/home/yuki/ros2_ws/src/NHK2025/shoot/src/shoot.cpp:51:68:[m[K [01;36m[Knote: [m[Kprevious declaration â€˜[01m[Krclcpp::Publisher<std_msgs::msg::Float64MultiArray_<std::allocator<void> > >::SharedPtr Shoot::publisher_[m[Kâ€™
   51 |     rclcpp::Publisher<std_msgs::msg::Float64MultiArray>::SharedPtr [01;36m[Kpublisher_[m[K;
      |                                                                    [01;36m[K^~~~~~~~~~[m[K
[01m[K/home/yuki/ros2_ws/src/NHK2025/shoot/src/shoot.cpp:[m[K In constructor â€˜[01m[KShoot::Shoot()[m[Kâ€™:
[01m[K/home/yuki/ros2_ws/src/NHK2025/shoot/src/shoot.cpp:62:5:[m[K [01;31m[Kerror: [m[Kâ€˜[01m[Kpublisher_micon[m[Kâ€™ was not declared in this scope; did you mean â€˜[01m[Kpublisher_[m[Kâ€™?
   62 |     [01;31m[Kpublisher_micon[m[K = this->create_publisher<std_msgs::msg::Float64MultiArray>("shootVelocity", 10);
      |     [01;31m[K^~~~~~~~~~~~~~~[m[K
      |     [32m[Kpublisher_[m[K
[01m[K/home/yuki/ros2_ws/src/NHK2025/shoot/src/shoot.cpp:63:5:[m[K [01;31m[Kerror: [m[Kâ€˜[01m[Kpublisher_odrive[m[Kâ€™ was not declared in this scope; did you mean â€˜[01m[Kpublisher_[m[Kâ€™?
   63 |     [01;31m[Kpublisher_odrive[m[K = this->create_publisher<rogidrive_msg::msg::RogidriveMessage>("odrive_cmd", 10);
      |     [01;31m[K^~~~~~~~~~~~~~~~[m[K
      |     [32m[Kpublisher_[m[K
[01m[K/home/yuki/ros2_ws/src/NHK2025/shoot/src/shoot.cpp:[m[K In member function â€˜[01m[Kfloat Shoot::getYaw(float, float, float)[m[Kâ€™:
[01m[K/home/yuki/ros2_ws/src/NHK2025/shoot/src/shoot.cpp:68:59:[m[K [01;31m[Kerror: [m[Kâ€˜[01m[Ktheta_r_[m[Kâ€™ was not declared in this scope; did you mean â€˜[01m[Ktheta_s_[m[Kâ€™?
   68 |     float theta_yaw = atan((y_g - y_s_) / (x_g - x_s_)) - [01;31m[Ktheta_r_[m[K;
      |                                                           [01;31m[K^~~~~~~~[m[K
      |                                                           [32m[Ktheta_s_[m[K
[01m[K/home/yuki/ros2_ws/src/NHK2025/shoot/src/shoot.cpp:67:51:[m[K [01;35m[Kwarning: [m[Kunused parameter â€˜[01m[Ktheta_s_[m[Kâ€™ [[01;35m[K]8;;https://gcc.gnu.org/onlinedocs/gcc/Warning-Options.html#index-Wunused-parameter-Wunused-parameter]8;;[m[K]
   67 | float Shoot::getYaw(float x_s_, float y_s_, [01;35m[Kfloat theta_s_[m[K){
      |                                             [01;35m[K~~~~~~^~~~~~~~[m[K
[01m[K/home/yuki/ros2_ws/src/NHK2025/shoot/src/shoot.cpp:[m[K In member function â€˜[01m[Kvoid Shoot::topic_callback(const Pose&)[m[Kâ€™:
[01m[K/home/yuki/ros2_ws/src/NHK2025/shoot/src/shoot.cpp:170:5:[m[K [01;31m[Kerror: [m[Kâ€˜[01m[Kpublisher_micon[m[Kâ€™ was not declared in this scope; did you mean â€˜[01m[Kpublisher_[m[Kâ€™?
  170 |     [01;31m[Kpublisher_micon[m[K->publish(message_micon);
      |     [01;31m[K^~~~~~~~~~~~~~~[m[K
      |     [32m[Kpublisher_[m[K
[01m[K/home/yuki/ros2_ws/src/NHK2025/shoot/src/shoot.cpp:177:5:[m[K [01;31m[Kerror: [m[Kâ€˜[01m[Kpublisher_odrive[m[Kâ€™ was not declared in this scope; did you mean â€˜[01m[Kpublisher_[m[Kâ€™?
  177 |     [01;31m[Kpublisher_odrive[m[K->publish(message_odrive);
      |     [01;31m[K^~~~~~~~~~~~~~~~[m[K
      |     [32m[Kpublisher_[m[K
gmake[2]: *** [CMakeFiles/shooter.dir/build.make:76: CMakeFiles/shooter.dir/src/shoot.cpp.o] Error 1
gmake[1]: *** [CMakeFiles/Makefile2:137: CMakeFiles/shooter.dir/all] Error 2
gmake: *** [Makefile:146: all] Error 2
